2019-09-18 18:41:03 INFO  RescaleRestAPI:25 -****************** Starting TC_0001_Get_WWHomePage_US  ******************
2019-09-18 18:41:21 INFO  RescaleRestAPI:40 -****************** Finished TC_0001_Get_WWHomePage_US  ******************
2019-09-18 18:42:22 INFO  WW_UI_AUTOMATION:25 -****************** Starting TC_0001_Get_WWHomePage_US  ******************
2019-09-18 18:42:37 INFO  WW_UI_AUTOMATION:40 -****************** Finished TC_0001_Get_WWHomePage_US  ******************
2019-09-18 18:48:05 INFO  WW_UI_AUTOMATION:23 -****************** Starting TC_0004_Select_First_Studio_Location ******************
2019-09-18 18:52:25 INFO  WW_UI_AUTOMATION:43 -****************** Finished TC_0004_Select_First_Studio_Location ******************
2019-09-18 18:53:47 INFO  WW_UI_AUTOMATION:25 -****************** Starting TC_0001_Get_WWHomePage_US  ******************
2019-09-18 18:54:06 INFO  WW_UI_AUTOMATION:40 -****************** Finished TC_0001_Get_WWHomePage_US  ******************
2019-09-18 18:54:07 INFO  WW_UI_AUTOMATION:23 -****************** Starting TC_0002_Get_Search_Location_Page ******************
2019-09-18 18:54:33 INFO  WW_UI_AUTOMATION:23 -****************** Starting TC_0003_Search_Studio_Location ******************
2019-09-18 18:55:11 INFO  WW_UI_AUTOMATION:32 -****************** Finished TC_0003_Search_Studio_Location ******************
2019-09-18 18:55:13 INFO  WW_UI_AUTOMATION:23 -****************** Starting TC_0004_Select_First_Studio_Location ******************
2019-09-18 18:55:40 INFO  WW_UI_AUTOMATION:43 -****************** Finished TC_0004_Select_First_Studio_Location ******************
2019-09-18 18:55:42 INFO  WW_UI_AUTOMATION:26 -****************** Starting TC_0005_Get_Studio_Hours_Of_Operations ******************
2019-09-18 18:56:16 INFO  WW_UI_AUTOMATION:39 -****************** Finished TC_0005_Get_Studio_Hours_Of_Operations ******************
2019-09-18 19:11:16 INFO  WW_UI_AUTOMATION:25 -****************** Starting TC_0001_Get_WWHomePage_US  ******************
2019-09-18 19:12:06 INFO  WW_UI_AUTOMATION:40 -****************** Finished TC_0001_Get_WWHomePage_US  ******************
2019-09-18 19:12:07 INFO  WW_UI_AUTOMATION:23 -****************** Starting TC_0002_Get_Search_Location_Page ******************
2019-09-18 19:13:39 INFO  WW_UI_AUTOMATION:23 -****************** Starting TC_0003_Search_Studio_Location ******************
2019-09-18 19:14:25 INFO  WW_UI_AUTOMATION:32 -****************** Finished TC_0003_Search_Studio_Location ******************
2019-09-18 19:14:26 INFO  WW_UI_AUTOMATION:23 -****************** Starting TC_0004_Select_First_Studio_Location ******************
2019-09-18 19:14:44 INFO  WW_UI_AUTOMATION:43 -****************** Finished TC_0004_Select_First_Studio_Location ******************
2019-09-18 19:14:46 INFO  WW_UI_AUTOMATION:26 -****************** Starting TC_0005_Get_Studio_Hours_Of_Operations ******************
2019-09-18 19:15:08 INFO  WW_UI_AUTOMATION:40 -****************** Finished TC_0005_Get_Studio_Hours_Of_Operations ******************
2019-09-18 19:15:45 INFO  WW_UI_AUTOMATION:25 -****************** Starting TC_0001_Get_WWHomePage_US  ******************
2019-09-18 19:18:28 INFO  WW_UI_AUTOMATION:40 -****************** Finished TC_0001_Get_WWHomePage_US  ******************
2019-09-18 19:18:43 INFO  WW_UI_AUTOMATION:23 -****************** Starting TC_0002_Get_Search_Location_Page ******************
2019-09-18 19:22:41 INFO  WW_UI_AUTOMATION:23 -****************** Starting TC_0002_Get_Search_Location_Page ******************
2019-09-18 19:23:07 INFO  WW_UI_AUTOMATION:37 -****************** Finished TC_0002_Get_Search_Location_Page ******************
2019-09-18 19:24:38 INFO  WW_UI_AUTOMATION:23 -****************** Starting TC_0002_Get_Search_Location_Page ******************
2019-09-18 19:25:07 INFO  WW_UI_AUTOMATION:37 -****************** Finished TC_0002_Get_Search_Location_Page ******************
2019-09-18 19:26:19 INFO  WW_UI_AUTOMATION:23 -****************** Starting TC_0002_Get_Search_Location_Page ******************
2019-09-18 19:26:46 INFO  WW_UI_AUTOMATION:37 -****************** Finished TC_0002_Get_Search_Location_Page ******************
2019-09-18 19:28:03 INFO  WW_UI_AUTOMATION:23 -****************** Starting TC_0002_Get_Search_Location_Page ******************
2019-09-18 19:30:24 INFO  WW_UI_AUTOMATION:23 -****************** Starting TC_0002_Get_Search_Location_Page ******************
2019-09-18 19:33:01 INFO  WW_UI_AUTOMATION:23 -****************** Starting TC_0002_Get_Search_Location_Page ******************
2019-09-18 19:37:25 INFO  WW_UI_AUTOMATION:23 -****************** Starting TC_0002_Get_Search_Location_Page ******************
2019-09-18 19:41:14 INFO  WW_UI_AUTOMATION:23 -****************** Starting TC_0004_Select_First_Studio_Location ******************
2019-09-18 19:43:18 INFO  WW_UI_AUTOMATION:25 -****************** Starting TC_0001_Get_WWHomePage_US  ******************
2019-09-18 19:43:32 INFO  WW_UI_AUTOMATION:40 -****************** Finished TC_0001_Get_WWHomePage_US  ******************
2019-09-18 19:46:20 INFO  WW_UI_AUTOMATION:23 -****************** Starting TC_0002_Get_Search_Location_Page ******************
2019-09-18 19:47:46 INFO  WW_UI_AUTOMATION:23 -****************** Starting TC_0002_Get_Search_Location_Page ******************
2019-09-19 01:11:38 INFO  WW_UI_AUTOMATION:25 -****************** Starting TC_0001_Get_WWHomePage_US  ******************
2019-09-19 01:11:58 INFO  WW_UI_AUTOMATION:40 -****************** Finished TC_0001_Get_WWHomePage_US  ******************
2019-09-19 01:13:52 INFO  WW_UI_AUTOMATION:23 -****************** Starting TC_0002_Get_Search_Location_Page ******************
2019-09-19 01:16:11 INFO  WW_UI_AUTOMATION:23 -****************** Starting TC_0002_Get_Search_Location_Page ******************
2019-09-19 01:19:22 INFO  WW_UI_AUTOMATION:23 -****************** Starting TC_0002_Get_Search_Location_Page ******************
2019-09-19 01:22:18 INFO  WW_UI_AUTOMATION:23 -****************** Starting TC_0002_Get_Search_Location_Page ******************
2019-09-19 01:24:41 INFO  WW_UI_AUTOMATION:23 -****************** Starting TC_0002_Get_Search_Location_Page ******************
2019-09-19 01:26:17 INFO  WW_UI_AUTOMATION:23 -****************** Starting TC_0002_Get_Search_Location_Page ******************
2019-09-19 01:28:56 INFO  WW_UI_AUTOMATION:23 -****************** Starting TC_0002_Get_Search_Location_Page ******************
2019-09-19 01:30:53 INFO  WW_UI_AUTOMATION:23 -****************** Starting TC_0002_Get_Search_Location_Page ******************
2019-09-19 01:41:21 INFO  WW_UI_AUTOMATION:23 -****************** Starting TC_0002_Get_Search_Location_Page ******************
2019-09-19 08:59:24 INFO  WW_UI_AUTOMATION:23 -****************** Starting TC_0002_Get_Search_Location_Page ******************
2019-09-19 21:40:22 INFO  WW_UI_AUTOMATION:26 -****************** Starting TC_0005_Get_Studio_Hours_Of_Operations ******************
2019-09-19 21:40:50 INFO  WW_UI_AUTOMATION:41 -****************** Finished TC_0005_Get_Studio_Hours_Of_Operations ******************
2019-09-19 21:42:14 INFO  WW_UI_AUTOMATION:26 -****************** Starting TC_0005_Get_Studio_Hours_Of_Operations ******************
2019-09-19 21:42:35 INFO  WW_UI_AUTOMATION:41 -****************** Finished TC_0005_Get_Studio_Hours_Of_Operations ******************
2019-09-19 21:43:33 INFO  WW_UI_AUTOMATION:26 -****************** Starting TC_0005_Get_Studio_Hours_Of_Operations ******************
2019-09-19 21:44:12 INFO  WW_UI_AUTOMATION:41 -****************** Finished TC_0005_Get_Studio_Hours_Of_Operations ******************
2019-09-19 21:48:40 INFO  WW_UI_AUTOMATION:26 -****************** Starting TC_0005_Get_Studio_Hours_Of_Operations ******************
2019-09-19 21:50:07 INFO  WW_UI_AUTOMATION:41 -****************** Finished TC_0005_Get_Studio_Hours_Of_Operations ******************
2019-09-19 21:52:20 INFO  WW_UI_AUTOMATION:26 -****************** Starting TC_0005_Get_Studio_Hours_Of_Operations ******************
2019-09-19 21:53:55 INFO  WW_UI_AUTOMATION:41 -****************** Finished TC_0005_Get_Studio_Hours_Of_Operations ******************
2019-09-19 21:54:44 INFO  WW_UI_AUTOMATION:26 -****************** Starting TC_0005_Get_Studio_Hours_Of_Operations ******************
2019-09-19 21:56:33 INFO  WW_UI_AUTOMATION:41 -****************** Finished TC_0005_Get_Studio_Hours_Of_Operations ******************
2019-09-19 23:22:49 INFO  WW_UI_AUTOMATION:26 -****************** Starting TC_0005_Get_Studio_Hours_Of_Operations ******************
2019-09-19 23:24:07 INFO  WW_UI_AUTOMATION:41 -****************** Finished TC_0005_Get_Studio_Hours_Of_Operations ******************
2019-09-19 23:27:57 INFO  WW_UI_AUTOMATION:26 -****************** Starting TC_0005_Get_Studio_Hours_Of_Operations ******************
2019-09-19 23:28:28 INFO  WW_UI_AUTOMATION:41 -****************** Finished TC_0005_Get_Studio_Hours_Of_Operations ******************
2019-09-19 23:28:58 INFO  WW_UI_AUTOMATION:26 -****************** Starting TC_0005_Get_Studio_Hours_Of_Operations ******************
2019-09-19 23:29:24 INFO  WW_UI_AUTOMATION:41 -****************** Finished TC_0005_Get_Studio_Hours_Of_Operations ******************
2019-09-19 23:34:13 INFO  WW_UI_AUTOMATION:26 -****************** Starting TC_0005_Get_Studio_Hours_Of_Operations ******************
2019-09-19 23:34:46 INFO  WW_UI_AUTOMATION:41 -****************** Finished TC_0005_Get_Studio_Hours_Of_Operations ******************
2019-09-19 23:35:39 INFO  WW_UI_AUTOMATION:26 -****************** Starting TC_0005_Get_Studio_Hours_Of_Operations ******************
2019-09-19 23:36:44 INFO  WW_UI_AUTOMATION:41 -****************** Finished TC_0005_Get_Studio_Hours_Of_Operations ******************
2019-09-19 23:40:36 INFO  WW_UI_AUTOMATION:26 -****************** Starting TC_0005_Get_Studio_Hours_Of_Operations ******************
2019-09-19 23:41:04 INFO  WW_UI_AUTOMATION:41 -****************** Finished TC_0005_Get_Studio_Hours_Of_Operations ******************
2019-09-19 23:42:29 INFO  WW_UI_AUTOMATION:26 -****************** Starting TC_0005_Get_Studio_Hours_Of_Operations ******************
2019-09-19 23:43:10 INFO  WW_UI_AUTOMATION:41 -****************** Finished TC_0005_Get_Studio_Hours_Of_Operations ******************
2019-09-20 00:03:26 INFO  WW_UI_AUTOMATION:26 -****************** Starting TC_0005_Get_Studio_Hours_Of_Operations ******************
2019-09-20 00:04:06 INFO  WW_UI_AUTOMATION:41 -****************** Finished TC_0005_Get_Studio_Hours_Of_Operations ******************
2019-09-20 00:05:07 INFO  WW_UI_AUTOMATION:26 -****************** Starting TC_0005_Get_Studio_Hours_Of_Operations ******************
2019-09-20 00:06:00 INFO  WW_UI_AUTOMATION:41 -****************** Finished TC_0005_Get_Studio_Hours_Of_Operations ******************
2019-09-20 00:07:35 INFO  WW_UI_AUTOMATION:26 -****************** Starting TC_0005_Get_Studio_Hours_Of_Operations ******************
2019-09-20 00:08:00 INFO  WW_UI_AUTOMATION:41 -****************** Finished TC_0005_Get_Studio_Hours_Of_Operations ******************
2019-09-20 00:08:52 INFO  WW_UI_AUTOMATION:26 -****************** Starting TC_0005_Get_Studio_Hours_Of_Operations ******************
2019-09-20 00:09:15 INFO  WW_UI_AUTOMATION:41 -****************** Finished TC_0005_Get_Studio_Hours_Of_Operations ******************
2019-09-20 00:09:41 INFO  WW_UI_AUTOMATION:26 -****************** Starting TC_0005_Get_Studio_Hours_Of_Operations ******************
2019-09-20 00:10:10 INFO  WW_UI_AUTOMATION:41 -****************** Finished TC_0005_Get_Studio_Hours_Of_Operations ******************
2019-09-20 00:10:33 INFO  WW_UI_AUTOMATION:26 -****************** Starting TC_0005_Get_Studio_Hours_Of_Operations ******************
2019-09-20 00:11:30 INFO  WW_UI_AUTOMATION:41 -****************** Finished TC_0005_Get_Studio_Hours_Of_Operations ******************
2019-09-20 00:12:49 INFO  WW_UI_AUTOMATION:26 -****************** Starting TC_0005_Get_Studio_Hours_Of_Operations ******************
2019-09-20 00:13:14 INFO  WW_UI_AUTOMATION:42 -****************** Finished TC_0005_Get_Studio_Hours_Of_Operations ******************
2019-09-20 00:13:57 INFO  WW_UI_AUTOMATION:26 -****************** Starting TC_0005_Get_Studio_Hours_Of_Operations ******************
2019-09-20 00:14:23 INFO  WW_UI_AUTOMATION:42 -****************** Finished TC_0005_Get_Studio_Hours_Of_Operations ******************
2019-09-20 00:23:52 INFO  WW_UI_AUTOMATION:26 -****************** Starting TC_0005_Get_Studio_Hours_Of_Operations ******************
2019-09-20 00:25:07 INFO  WW_UI_AUTOMATION:42 -****************** Finished TC_0005_Get_Studio_Hours_Of_Operations ******************
2019-09-20 00:27:39 INFO  WW_UI_AUTOMATION:26 -****************** Starting TC_0005_Get_Studio_Hours_Of_Operations ******************
2019-09-20 00:28:34 INFO  WW_UI_AUTOMATION:42 -****************** Finished TC_0005_Get_Studio_Hours_Of_Operations ******************
2019-09-20 00:29:14 INFO  WW_UI_AUTOMATION:26 -****************** Starting TC_0005_Get_Studio_Hours_Of_Operations ******************
2019-09-20 00:29:45 INFO  WW_UI_AUTOMATION:42 -****************** Finished TC_0005_Get_Studio_Hours_Of_Operations ******************
2019-09-20 00:30:46 INFO  WW_UI_AUTOMATION:26 -****************** Starting TC_0005_Get_Studio_Hours_Of_Operations ******************
2019-09-20 00:31:09 INFO  WW_UI_AUTOMATION:42 -****************** Finished TC_0005_Get_Studio_Hours_Of_Operations ******************
2019-09-20 00:32:04 INFO  WW_UI_AUTOMATION:26 -****************** Starting TC_0005_Get_Studio_Hours_Of_Operations ******************
2019-09-20 00:32:34 INFO  WW_UI_AUTOMATION:42 -****************** Finished TC_0005_Get_Studio_Hours_Of_Operations ******************
2019-09-20 00:33:45 INFO  WW_UI_AUTOMATION:26 -****************** Starting TC_0005_Get_Studio_Hours_Of_Operations ******************
2019-09-20 00:34:59 INFO  WW_UI_AUTOMATION:42 -****************** Finished TC_0005_Get_Studio_Hours_Of_Operations ******************
2019-09-20 00:35:47 INFO  WW_UI_AUTOMATION:26 -****************** Starting TC_0005_Get_Studio_Hours_Of_Operations ******************
2019-09-20 00:36:17 INFO  WW_UI_AUTOMATION:42 -****************** Finished TC_0005_Get_Studio_Hours_Of_Operations ******************
2019-09-20 00:37:19 INFO  WW_UI_AUTOMATION:26 -****************** Starting TC_0005_Get_Studio_Hours_Of_Operations ******************
2019-09-20 00:37:40 INFO  WW_UI_AUTOMATION:42 -****************** Finished TC_0005_Get_Studio_Hours_Of_Operations ******************
2019-09-20 00:38:22 INFO  WW_UI_AUTOMATION:26 -****************** Starting TC_0005_Get_Studio_Hours_Of_Operations ******************
2019-09-20 00:39:01 INFO  WW_UI_AUTOMATION:42 -****************** Finished TC_0005_Get_Studio_Hours_Of_Operations ******************
2019-09-20 00:39:41 INFO  WW_UI_AUTOMATION:26 -****************** Starting TC_0005_Get_Studio_Hours_Of_Operations ******************
2019-09-20 00:40:06 INFO  WW_UI_AUTOMATION:42 -****************** Finished TC_0005_Get_Studio_Hours_Of_Operations ******************
2019-09-20 00:42:23 INFO  WW_UI_AUTOMATION:26 -****************** Starting TC_0005_Get_Studio_Hours_Of_Operations ******************
2019-09-20 00:42:53 INFO  WW_UI_AUTOMATION:42 -****************** Finished TC_0005_Get_Studio_Hours_Of_Operations ******************
2019-09-20 00:43:31 INFO  WW_UI_AUTOMATION:26 -****************** Starting TC_0005_Get_Studio_Hours_Of_Operations ******************
2019-09-20 00:44:19 INFO  WW_UI_AUTOMATION:42 -****************** Finished TC_0005_Get_Studio_Hours_Of_Operations ******************
2019-09-20 01:00:11 INFO  WW_UI_AUTOMATION:26 -****************** Starting TC_0005_Get_Studio_Hours_Of_Operations ******************
2019-09-20 01:02:28 INFO  WW_UI_AUTOMATION:26 -****************** Starting TC_0005_Get_Studio_Hours_Of_Operations ******************
2019-09-20 01:04:23 INFO  WW_UI_AUTOMATION:26 -****************** Starting TC_0005_Get_Studio_Hours_Of_Operations ******************
2019-09-20 01:22:34 INFO  WW_UI_AUTOMATION:26 -****************** Starting TC_0005_Get_Studio_Hours_Of_Operations ******************
2019-09-20 01:24:19 INFO  WW_UI_AUTOMATION:26 -****************** Starting TC_0005_Get_Studio_Hours_Of_Operations ******************
2019-09-20 09:35:43 INFO  WW_UI_AUTOMATION:26 -****************** Starting TC_0005_Get_Studio_Hours_Of_Operations ******************
2019-09-20 09:36:34 INFO  WW_UI_AUTOMATION:42 -****************** Finished TC_0005_Get_Studio_Hours_Of_Operations ******************
2019-09-20 09:36:54 INFO  WW_UI_AUTOMATION:23 -****************** Starting TC_0004_Select_First_Studio_Location ******************
2019-09-20 09:40:44 INFO  WW_UI_AUTOMATION:23 -****************** Starting TC_0004_Select_First_Studio_Location ******************
2019-09-20 11:21:39 INFO  WW_UI_AUTOMATION:23 -****************** Starting TC_0004_Select_First_Studio_Location ******************
2019-09-20 11:22:07 INFO  WW_UI_AUTOMATION:43 -****************** Finished TC_0004_Select_First_Studio_Location ******************
2019-09-20 11:24:46 INFO  WW_UI_AUTOMATION:23 -****************** Starting TC_0004_Select_First_Studio_Location ******************
2019-09-20 11:26:56 INFO  WW_UI_AUTOMATION:23 -****************** Starting TC_0002_Get_Search_Location_Page ******************
2019-09-20 11:32:06 INFO  WW_UI_AUTOMATION:23 -****************** Starting TC_0002_Get_Search_Location_Page ******************
2019-09-20 11:32:36 INFO  WW_UI_AUTOMATION:38 -****************** Finished TC_0002_Get_Search_Location_Page ******************
2019-09-20 11:40:52 INFO  WW_UI_AUTOMATION:23 -****************** Starting TC_0002_Get_Search_Location_Page ******************
2019-09-20 11:42:11 INFO  WW_UI_AUTOMATION:38 -****************** Finished TC_0002_Get_Search_Location_Page ******************
2019-09-20 12:16:08 INFO  WW_UI_AUTOMATION:23 -****************** Starting TC_0002_Get_Search_Location_Page ******************
2019-09-20 19:37:46 INFO  WW_UI_AUTOMATION:26 -****************** Starting TC_0005_Get_Studio_Hours_Of_Operations ******************
2019-09-20 19:38:49 INFO  WW_UI_AUTOMATION:42 -****************** Finished TC_0005_Get_Studio_Hours_Of_Operations ******************
2019-09-20 19:50:10 INFO  WW_UI_AUTOMATION:26 -****************** Starting TC_0005_Get_Studio_Hours_Of_Operations ******************
2019-09-20 19:50:37 INFO  WW_UI_AUTOMATION:42 -****************** Finished TC_0005_Get_Studio_Hours_Of_Operations ******************
2019-09-20 19:51:20 INFO  WW_UI_AUTOMATION:26 -****************** Starting TC_0005_Get_Studio_Hours_Of_Operations ******************
2019-09-20 19:56:41 INFO  WW_UI_AUTOMATION:26 -****************** Starting TC_0005_Get_Studio_Hours_Of_Operations ******************
2019-09-20 20:03:10 INFO  WW_UI_AUTOMATION:26 -****************** Starting TC_0005_Get_Studio_Hours_Of_Operations ******************
2019-09-20 20:03:35 INFO  WW_UI_AUTOMATION:42 -****************** Finished TC_0005_Get_Studio_Hours_Of_Operations ******************
2019-09-20 20:06:36 INFO  WW_UI_AUTOMATION:26 -****************** Starting TC_0005_Get_Studio_Hours_Of_Operations ******************
2019-09-20 20:13:14 INFO  WW_UI_AUTOMATION:26 -****************** Starting TC_0005_Get_Studio_Hours_Of_Operations ******************
2019-09-20 20:13:39 INFO  WW_UI_AUTOMATION:42 -****************** Finished TC_0005_Get_Studio_Hours_Of_Operations ******************
2019-09-20 20:14:11 INFO  WW_UI_AUTOMATION:26 -****************** Starting TC_0005_Get_Studio_Hours_Of_Operations ******************
2019-09-20 20:14:27 INFO  WW_UI_AUTOMATION:26 -****************** Starting TC_0005_Get_Studio_Hours_Of_Operations ******************
2019-09-20 20:15:37 INFO  WW_UI_AUTOMATION:42 -****************** Finished TC_0005_Get_Studio_Hours_Of_Operations ******************
2019-09-20 20:16:11 INFO  WW_UI_AUTOMATION:26 -****************** Starting TC_0005_Get_Studio_Hours_Of_Operations ******************
2019-09-20 20:17:09 INFO  WW_UI_AUTOMATION:42 -****************** Finished TC_0005_Get_Studio_Hours_Of_Operations ******************
2019-09-20 20:19:43 INFO  WW_UI_AUTOMATION:26 -****************** Starting TC_0005_Get_Studio_Hours_Of_Operations ******************
2019-09-20 20:24:12 INFO  WW_UI_AUTOMATION:26 -****************** Starting TC_0005_Get_Studio_Hours_Of_Operations ******************
2019-09-20 20:24:43 INFO  WW_UI_AUTOMATION:42 -****************** Finished TC_0005_Get_Studio_Hours_Of_Operations ******************
2019-09-20 20:25:02 INFO  WW_UI_AUTOMATION:26 -****************** Starting TC_0005_Get_Studio_Hours_Of_Operations ******************
2019-09-20 20:26:36 INFO  WW_UI_AUTOMATION:26 -****************** Starting TC_0005_Get_Studio_Hours_Of_Operations ******************
2019-09-20 20:51:14 INFO  WW_UI_AUTOMATION:28 -****************** Starting TC_0005_Get_Studio_Hours_Of_Operations ******************
2019-09-21 20:52:16 INFO  WW_UI_AUTOMATION:28 -****************** Starting TC_0005_Get_Studio_Hours_Of_Operations ******************
2019-09-21 20:54:35 INFO  WW_UI_AUTOMATION:44 -****************** Finished TC_0005_Get_Studio_Hours_Of_Operations ******************
2019-09-21 20:57:17 INFO  WW_UI_AUTOMATION:28 -****************** Starting TC_0005_Get_Studio_Hours_Of_Operations ******************
2019-09-21 20:57:47 INFO  WW_UI_AUTOMATION:44 -****************** Finished TC_0005_Get_Studio_Hours_Of_Operations ******************
2019-09-21 21:02:04 INFO  WW_UI_AUTOMATION:28 -****************** Starting TC_0005_Get_Studio_Hours_Of_Operations ******************
2019-09-21 21:03:26 INFO  WW_UI_AUTOMATION:44 -****************** Finished TC_0005_Get_Studio_Hours_Of_Operations ******************
2019-09-21 21:15:18 INFO  WW_UI_AUTOMATION:28 -****************** Starting TC_0005_Get_Studio_Hours_Of_Operations ******************
2019-09-21 21:17:01 INFO  WW_UI_AUTOMATION:44 -****************** Finished TC_0005_Get_Studio_Hours_Of_Operations ******************
2019-09-21 21:30:49 INFO  WW_UI_AUTOMATION:28 -****************** Starting TC_0005_Get_Studio_Hours_Of_Operations ******************
2019-09-21 21:31:38 INFO  WW_UI_AUTOMATION:44 -****************** Finished TC_0005_Get_Studio_Hours_Of_Operations ******************
2019-09-21 22:08:29 INFO  WW_UI_AUTOMATION:28 -****************** Starting TC_0005_Get_Studio_Hours_Of_Operations ******************
2019-09-21 22:10:40 INFO  WW_UI_AUTOMATION:28 -****************** Starting TC_0005_Get_Studio_Hours_Of_Operations ******************
2019-09-21 22:17:02 INFO  WW_UI_AUTOMATION:28 -****************** Starting TC_0005_Get_Studio_Hours_Of_Operations ******************
2019-09-21 22:18:02 INFO  WW_UI_AUTOMATION:44 -****************** Finished TC_0005_Get_Studio_Hours_Of_Operations ******************
2019-09-21 23:09:48 INFO  WW_UI_AUTOMATION:28 -****************** Starting TC_0005_Get_Studio_Hours_Of_Operations ******************
2019-09-21 23:11:55 INFO  WW_UI_AUTOMATION:28 -****************** Starting TC_0005_Get_Studio_Hours_Of_Operations ******************
2019-09-21 23:12:04 INFO  WW_UI_AUTOMATION:44 -****************** Finished TC_0005_Get_Studio_Hours_Of_Operations ******************
2019-09-21 23:58:02 INFO  WW_UI_AUTOMATION:28 -****************** Starting TC_0005_Get_Studio_Hours_Of_Operations ******************
2019-09-21 23:58:11 INFO  WW_UI_AUTOMATION:45 -****************** Finished TC_0005_Get_Studio_Hours_Of_Operations ******************
2019-09-22 00:14:09 INFO  WW_UI_AUTOMATION:23 -****************** Starting TC_0004_Select_First_Studio_Location ******************
2019-09-22 00:19:33 INFO  WW_UI_AUTOMATION:23 -****************** Starting TC_0002_Get_Search_Location_Page ******************
2019-09-22 00:22:15 INFO  WW_UI_AUTOMATION:25 -****************** Starting TC_0001_Get_WWHomePage_US  ******************
2019-09-22 00:22:20 INFO  WW_UI_AUTOMATION:40 -****************** Finished TC_0001_Get_WWHomePage_US  ******************
2019-09-22 00:30:32 INFO  WW_UI_AUTOMATION:23 -****************** Starting TC_0002_Get_Search_Location_Page ******************
2019-09-22 00:31:52 INFO  WW_UI_AUTOMATION:23 -****************** Starting TC_0002_Get_Search_Location_Page ******************
2019-09-22 00:32:30 INFO  WW_UI_AUTOMATION:23 -****************** Starting TC_0002_Get_Search_Location_Page ******************
2019-09-22 00:32:58 INFO  WW_UI_AUTOMATION:23 -****************** Starting TC_0002_Get_Search_Location_Page ******************
2019-09-22 00:34:27 INFO  WW_UI_AUTOMATION:23 -****************** Starting TC_0002_Get_Search_Location_Page ******************
2019-09-22 00:38:40 INFO  WW_UI_AUTOMATION:23 -****************** Starting TC_0002_Get_Search_Location_Page ******************
2019-09-22 00:39:16 INFO  WW_UI_AUTOMATION:23 -****************** Starting TC_0002_Get_Search_Location_Page ******************
2019-09-22 00:39:24 INFO  WW_UI_AUTOMATION:38 -****************** Finished TC_0002_Get_Search_Location_Page ******************
2019-09-22 00:41:16 INFO  WW_UI_AUTOMATION:23 -****************** Starting TC_0004_Select_First_Studio_Location ******************
2019-09-22 00:41:31 INFO  WW_UI_AUTOMATION:23 -****************** Starting TC_0004_Select_First_Studio_Location ******************
2019-09-22 00:45:07 INFO  WW_UI_AUTOMATION:23 -****************** Starting TC_0004_Select_First_Studio_Location ******************
2019-09-22 00:52:40 INFO  WW_UI_AUTOMATION:23 -****************** Starting TC_0004_Select_First_Studio_Location ******************
2019-09-22 00:54:49 INFO  WW_UI_AUTOMATION:23 -****************** Starting TC_0004_Select_First_Studio_Location ******************
2019-09-22 01:29:19 INFO  WW_UI_AUTOMATION:23 -****************** Starting TC_0004_Select_First_Studio_Location ******************
2019-09-22 01:56:03 INFO  WW_UI_AUTOMATION:23 -****************** Starting TC_0004_Select_First_Studio_Location ******************
2019-09-22 01:56:40 INFO  WW_UI_AUTOMATION:43 -****************** Finished TC_0004_Select_First_Studio_Location ******************
2019-09-22 01:57:35 INFO  WW_UI_AUTOMATION:25 -****************** Starting TC_0001_Get_WWHomePage_US  ******************
2019-09-22 01:58:08 INFO  WW_UI_AUTOMATION:40 -****************** Finished TC_0001_Get_WWHomePage_US  ******************
2019-09-22 01:58:09 INFO  WW_UI_AUTOMATION:23 -****************** Starting TC_0002_Get_Search_Location_Page ******************
2019-09-22 01:58:49 INFO  WW_UI_AUTOMATION:38 -****************** Finished TC_0002_Get_Search_Location_Page ******************
2019-09-22 01:58:51 INFO  WW_UI_AUTOMATION:23 -****************** Starting TC_0003_Search_Studio_Location ******************
2019-09-22 01:59:42 INFO  WW_UI_AUTOMATION:32 -****************** Finished TC_0003_Search_Studio_Location ******************
2019-09-22 01:59:43 INFO  WW_UI_AUTOMATION:23 -****************** Starting TC_0004_Select_First_Studio_Location ******************
2019-09-22 02:02:02 INFO  WW_UI_AUTOMATION:43 -****************** Finished TC_0004_Select_First_Studio_Location ******************
2019-09-22 02:02:03 INFO  WW_UI_AUTOMATION:28 -****************** Starting TC_0005_Get_Studio_Hours_Of_Operations ******************
2019-09-22 02:02:31 INFO  WW_UI_AUTOMATION:45 -****************** Finished TC_0005_Get_Studio_Hours_Of_Operations ******************
2019-09-22 02:05:37 INFO  WW_UI_AUTOMATION:28 -****************** Starting TC_0005_Get_Studio_Hours_Of_Operations ******************
2019-09-22 02:06:07 INFO  WW_UI_AUTOMATION:45 -****************** Finished TC_0005_Get_Studio_Hours_Of_Operations ******************
2019-09-22 02:16:42 INFO  WW_UI_AUTOMATION:28 -****************** Starting TC_0005_Get_Studio_Hours_Of_Operations ******************
2019-09-22 02:17:34 INFO  WW_UI_AUTOMATION:45 -****************** Finished TC_0005_Get_Studio_Hours_Of_Operations ******************
2019-09-22 02:19:42 INFO  WW_UI_AUTOMATION:25 -****************** Starting TC_0001_Get_WWHomePage_US  ******************
2019-09-22 02:20:07 INFO  WW_UI_AUTOMATION:40 -****************** Finished TC_0001_Get_WWHomePage_US  ******************
2019-09-22 02:20:08 INFO  WW_UI_AUTOMATION:23 -****************** Starting TC_0002_Get_Search_Location_Page ******************
2019-09-22 02:21:01 INFO  WW_UI_AUTOMATION:38 -****************** Finished TC_0002_Get_Search_Location_Page ******************
2019-09-22 02:21:03 INFO  WW_UI_AUTOMATION:23 -****************** Starting TC_0003_Search_Studio_Location ******************
2019-09-22 02:22:03 INFO  WW_UI_AUTOMATION:32 -****************** Finished TC_0003_Search_Studio_Location ******************
2019-09-22 02:22:05 INFO  WW_UI_AUTOMATION:23 -****************** Starting TC_0004_Select_First_Studio_Location ******************
2019-09-22 02:22:48 INFO  WW_UI_AUTOMATION:43 -****************** Finished TC_0004_Select_First_Studio_Location ******************
2019-09-22 02:22:49 INFO  WW_UI_AUTOMATION:28 -****************** Starting TC_0005_Get_Studio_Hours_Of_Operations ******************
2019-09-22 02:23:03 INFO  WW_UI_AUTOMATION:45 -****************** Finished TC_0005_Get_Studio_Hours_Of_Operations ******************
2019-09-22 02:31:20 INFO  WW_UI_AUTOMATION:27 -****************** Starting TC_0001_Get_WWHomePage_US  ******************
2019-09-22 02:31:40 INFO  WW_UI_AUTOMATION:42 -****************** Finished TC_0001_Get_WWHomePage_US  ******************
2019-09-22 02:31:43 INFO  WW_UI_AUTOMATION:25 -****************** Starting TC_0002_Get_Search_Location_Page ******************
2019-09-22 02:32:38 INFO  WW_UI_AUTOMATION:40 -****************** Finished TC_0002_Get_Search_Location_Page ******************
2019-09-22 02:32:41 INFO  WW_UI_AUTOMATION:24 -****************** Starting TC_0003_Search_Studio_Location ******************
2019-09-22 02:33:03 INFO  WW_UI_AUTOMATION:33 -****************** Finished TC_0003_Search_Studio_Location ******************
2019-09-22 02:33:06 INFO  WW_UI_AUTOMATION:25 -****************** Starting TC_0004_Select_First_Studio_Location ******************
2019-09-22 02:34:04 INFO  WW_UI_AUTOMATION:45 -****************** Finished TC_0004_Select_First_Studio_Location ******************
2019-09-22 02:34:07 INFO  WW_UI_AUTOMATION:29 -****************** Starting TC_0005_Get_Studio_Hours_Of_Operations ******************
2019-09-22 02:34:28 INFO  WW_UI_AUTOMATION:46 -****************** Finished TC_0005_Get_Studio_Hours_Of_Operations ******************
2019-09-22 02:36:27 INFO  WW_UI_AUTOMATION:27 -****************** Starting TC_0001_Get_WWHomePage_US  ******************
2019-09-22 02:36:29 INFO  WW_UI_AUTOMATION:25 -****************** Starting TC_0002_Get_Search_Location_Page ******************
2019-09-22 02:36:57 INFO  WW_UI_AUTOMATION:24 -****************** Starting TC_0003_Search_Studio_Location ******************
2019-09-22 02:37:16 INFO  WW_UI_AUTOMATION:25 -****************** Starting TC_0004_Select_First_Studio_Location ******************
2019-09-22 02:37:57 INFO  WW_UI_AUTOMATION:29 -****************** Starting TC_0005_Get_Studio_Hours_Of_Operations ******************
2019-09-22 02:39:48 INFO  WW_UI_AUTOMATION:27 -****************** Starting TC_0001_Get_WWHomePage_US  ******************
2019-09-22 02:40:20 INFO  WW_UI_AUTOMATION:42 -****************** Finished TC_0001_Get_WWHomePage_US  ******************
2019-09-22 02:40:21 INFO  WW_UI_AUTOMATION:25 -****************** Starting TC_0002_Get_Search_Location_Page ******************
2019-09-22 02:40:40 INFO  WW_UI_AUTOMATION:40 -****************** Finished TC_0002_Get_Search_Location_Page ******************
2019-09-22 02:40:42 INFO  WW_UI_AUTOMATION:24 -****************** Starting TC_0003_Search_Studio_Location ******************
2019-09-22 02:41:56 INFO  WW_UI_AUTOMATION:33 -****************** Finished TC_0003_Search_Studio_Location ******************
2019-09-22 02:41:57 INFO  WW_UI_AUTOMATION:25 -****************** Starting TC_0004_Select_First_Studio_Location ******************
2019-09-22 02:42:30 INFO  WW_UI_AUTOMATION:45 -****************** Finished TC_0004_Select_First_Studio_Location ******************
2019-09-22 02:42:31 INFO  WW_UI_AUTOMATION:29 -****************** Starting TC_0005_Get_Studio_Hours_Of_Operations ******************
2019-09-22 02:43:10 INFO  WW_UI_AUTOMATION:46 -****************** Finished TC_0005_Get_Studio_Hours_Of_Operations ******************
